<?xml version="1.0" encoding="UTF-8"?>
<testng-results ignored="0" total="1" passed="1" failed="0" skipped="0">
  <reporter-output>
    <line>
      <![CDATA[Browser is launched Successfully]]>
    </line>
    <line>
      <![CDATA[Browser is maximized Successfully]]>
    </line>
    <line>
      <![CDATA[Login Page  displayed successfully]]>
    </line>
    <line>
      <![CDATA[Successfully logged in to the application]]>
    </line>
    <line>
      <![CDATA[Successfully logged out of application]]>
    </line>
    <line>
      <![CDATA[Successfully closed the browser]]>
    </line>
  </reporter-output>
  <suite started-at="2022-02-01T22:04:40 IST" name="Default suite" finished-at="2022-02-01T22:06:15 IST" duration-ms="94932">
    <groups>
    </groups>
    <test started-at="2022-02-01T22:04:40 IST" name="Default test" finished-at="2022-02-01T22:06:15 IST" duration-ms="94932">
      <class name="automationScripts.TC_001">
        <test-method is-config="true" signature="beforeClass(java.lang.String)[pri:0, instance:automationScripts.TC_001@d6e7bab]" started-at="2022-02-01T22:04:40 IST" name="beforeClass" finished-at="2022-02-01T22:04:46 IST" duration-ms="6050" status="PASS">
          <params>
            <param index="0">
              <value>
                <![CDATA[chrome]]>
              </value>
            </param>
          </params>
          <reporter-output>
            <line>
              <![CDATA[Browser is launched Successfully]]>
            </line>
            <line>
              <![CDATA[Browser is maximized Successfully]]>
            </line>
          </reporter-output>
        </test-method> <!-- beforeClass -->
        <test-method is-config="true" signature="beforeMethod()[pri:0, instance:automationScripts.TC_001@d6e7bab]" started-at="2022-02-01T22:04:46 IST" name="beforeMethod" finished-at="2022-02-01T22:05:26 IST" duration-ms="39640" status="PASS">
          <reporter-output>
            <line>
              <![CDATA[Login Page  displayed successfully]]>
            </line>
            <line>
              <![CDATA[Successfully logged in to the application]]>
            </line>
          </reporter-output>
        </test-method> <!-- beforeMethod -->
        <test-method signature="createInvoice()[pri:0, instance:automationScripts.TC_001@d6e7bab]" started-at="2022-02-01T22:05:26 IST" name="createInvoice" finished-at="2022-02-01T22:06:10 IST" duration-ms="44192" status="PASS">
          <reporter-output>
          </reporter-output>
        </test-method> <!-- createInvoice -->
        <test-method is-config="true" signature="afterMethod()[pri:0, instance:automationScripts.TC_001@d6e7bab]" started-at="2022-02-01T22:06:10 IST" name="afterMethod" finished-at="2022-02-01T22:06:14 IST" duration-ms="4060" status="PASS">
          <reporter-output>
            <line>
              <![CDATA[Successfully logged out of application]]>
            </line>
          </reporter-output>
        </test-method> <!-- afterMethod -->
        <test-method is-config="true" signature="afterClass()[pri:0, instance:automationScripts.TC_001@d6e7bab]" started-at="2022-02-01T22:06:14 IST" name="afterClass" finished-at="2022-02-01T22:06:15 IST" duration-ms="926" status="PASS">
          <reporter-output>
            <line>
              <![CDATA[Successfully closed the browser]]>
            </line>
          </reporter-output>
        </test-method> <!-- afterClass -->
      </class> <!-- automationScripts.TC_001 -->
    </test> <!-- Default test -->
  </suite> <!-- Default suite -->
</testng-results>
